mode: set
HealthFit/delivery/controllers/common/common.go:18.76,19.17 1 1
HealthFit/delivery/controllers/common/common.go:22.2,22.16 1 1
HealthFit/delivery/controllers/common/common.go:25.2,25.17 1 1
HealthFit/delivery/controllers/common/common.go:28.2,32.3 1 1
HealthFit/delivery/controllers/common/common.go:19.17,21.3 1 1
HealthFit/delivery/controllers/common/common.go:22.16,24.3 1 1
HealthFit/delivery/controllers/common/common.go:25.17,27.3 1 1
HealthFit/delivery/controllers/common/common.go:34.128,35.17 1 1
HealthFit/delivery/controllers/common/common.go:38.2,38.16 1 1
HealthFit/delivery/controllers/common/common.go:41.2,41.17 1 1
HealthFit/delivery/controllers/common/common.go:44.2,44.16 1 1
HealthFit/delivery/controllers/common/common.go:47.2,47.26 1 1
HealthFit/delivery/controllers/common/common.go:50.2,56.3 1 1
HealthFit/delivery/controllers/common/common.go:35.17,37.3 1 1
HealthFit/delivery/controllers/common/common.go:38.16,40.3 1 1
HealthFit/delivery/controllers/common/common.go:41.17,43.3 1 1
HealthFit/delivery/controllers/common/common.go:44.16,46.3 1 1
HealthFit/delivery/controllers/common/common.go:47.26,49.3 1 1
HealthFit/delivery/controllers/common/common.go:58.57,59.17 1 1
HealthFit/delivery/controllers/common/common.go:62.2,62.16 1 1
HealthFit/delivery/controllers/common/common.go:65.2,68.3 1 1
HealthFit/delivery/controllers/common/common.go:59.17,61.3 1 1
HealthFit/delivery/controllers/common/common.go:62.16,64.3 1 1
HealthFit/delivery/controllers/common/common.go:71.88,72.17 1 1
HealthFit/delivery/controllers/common/common.go:75.2,75.16 1 1
HealthFit/delivery/controllers/common/common.go:78.2,78.17 1 1
HealthFit/delivery/controllers/common/common.go:81.2,85.3 1 1
HealthFit/delivery/controllers/common/common.go:72.17,74.3 1 1
HealthFit/delivery/controllers/common/common.go:75.16,77.3 1 1
HealthFit/delivery/controllers/common/common.go:78.17,80.3 1 1
HealthFit/delivery/controllers/common/common.go:88.79,89.17 1 1
HealthFit/delivery/controllers/common/common.go:92.2,92.16 1 1
HealthFit/delivery/controllers/common/common.go:95.2,95.17 1 1
HealthFit/delivery/controllers/common/common.go:98.2,102.3 1 1
HealthFit/delivery/controllers/common/common.go:89.17,91.3 1 1
HealthFit/delivery/controllers/common/common.go:92.16,94.3 1 1
HealthFit/delivery/controllers/common/common.go:95.17,97.3 1 1
