mode: set
HealthFit/delivery/controllers/user_history/user_history.go:17.69,21.2 1 1
HealthFit/delivery/controllers/user_history/user_history.go:23.60,24.36 1 1
HealthFit/delivery/controllers/user_history/user_history.go:24.36,27.14 2 1
HealthFit/delivery/controllers/user_history/user_history.go:32.3,39.17 6 1
HealthFit/delivery/controllers/user_history/user_history.go:43.3,49.18 2 1
HealthFit/delivery/controllers/user_history/user_history.go:52.3,57.113 5 1
HealthFit/delivery/controllers/user_history/user_history.go:27.14,30.4 1 1
HealthFit/delivery/controllers/user_history/user_history.go:39.17,41.4 1 1
HealthFit/delivery/controllers/user_history/user_history.go:49.18,51.4 1 1
HealthFit/delivery/controllers/user_history/user_history.go:62.60,63.36 1 1
HealthFit/delivery/controllers/user_history/user_history.go:63.36,66.14 2 1
HealthFit/delivery/controllers/user_history/user_history.go:71.3,74.17 3 1
HealthFit/delivery/controllers/user_history/user_history.go:77.3,78.33 2 1
HealthFit/delivery/controllers/user_history/user_history.go:92.3,92.104 1 1
HealthFit/delivery/controllers/user_history/user_history.go:66.14,69.4 1 1
HealthFit/delivery/controllers/user_history/user_history.go:74.17,76.4 1 1
HealthFit/delivery/controllers/user_history/user_history.go:78.33,86.54 8 1
HealthFit/delivery/controllers/user_history/user_history.go:89.4,89.45 1 1
HealthFit/delivery/controllers/user_history/user_history.go:86.54,88.5 1 1
HealthFit/delivery/controllers/user_history/user_history.go:96.62,97.36 1 1
HealthFit/delivery/controllers/user_history/user_history.go:97.36,100.14 2 1
HealthFit/delivery/controllers/user_history/user_history.go:105.3,109.17 4 1
HealthFit/delivery/controllers/user_history/user_history.go:113.3,120.50 8 1
HealthFit/delivery/controllers/user_history/user_history.go:124.3,124.92 1 1
HealthFit/delivery/controllers/user_history/user_history.go:100.14,103.4 1 1
HealthFit/delivery/controllers/user_history/user_history.go:109.17,111.4 1 1
HealthFit/delivery/controllers/user_history/user_history.go:120.50,122.4 1 1
