mode: set
HealthFit/delivery/controllers/common/common.go:18.76,19.17 1 1
HealthFit/delivery/controllers/common/common.go:22.2,22.16 1 1
HealthFit/delivery/controllers/common/common.go:25.2,25.17 1 1
HealthFit/delivery/controllers/common/common.go:28.2,32.3 1 1
HealthFit/delivery/controllers/common/common.go:19.17,21.3 1 1
HealthFit/delivery/controllers/common/common.go:22.16,24.3 1 1
HealthFit/delivery/controllers/common/common.go:25.17,27.3 1 1
HealthFit/delivery/controllers/common/common.go:34.128,35.17 1 1
HealthFit/delivery/controllers/common/common.go:38.2,38.16 1 1
HealthFit/delivery/controllers/common/common.go:41.2,41.17 1 1
HealthFit/delivery/controllers/common/common.go:44.2,44.16 1 1
HealthFit/delivery/controllers/common/common.go:47.2,47.26 1 1
HealthFit/delivery/controllers/common/common.go:50.2,56.3 1 1
HealthFit/delivery/controllers/common/common.go:35.17,37.3 1 1
HealthFit/delivery/controllers/common/common.go:38.16,40.3 1 1
HealthFit/delivery/controllers/common/common.go:41.17,43.3 1 1
HealthFit/delivery/controllers/common/common.go:44.16,46.3 1 1
HealthFit/delivery/controllers/common/common.go:47.26,49.3 1 1
HealthFit/delivery/controllers/common/common.go:58.57,59.17 1 1
HealthFit/delivery/controllers/common/common.go:62.2,62.16 1 1
HealthFit/delivery/controllers/common/common.go:65.2,68.3 1 1
HealthFit/delivery/controllers/common/common.go:59.17,61.3 1 1
HealthFit/delivery/controllers/common/common.go:62.16,64.3 1 1
HealthFit/delivery/controllers/common/common.go:71.88,72.17 1 1
HealthFit/delivery/controllers/common/common.go:75.2,75.16 1 1
HealthFit/delivery/controllers/common/common.go:78.2,78.17 1 1
HealthFit/delivery/controllers/common/common.go:81.2,85.3 1 1
HealthFit/delivery/controllers/common/common.go:72.17,74.3 1 1
HealthFit/delivery/controllers/common/common.go:75.16,77.3 1 1
HealthFit/delivery/controllers/common/common.go:78.17,80.3 1 1
HealthFit/delivery/controllers/common/common.go:88.79,89.17 1 1
HealthFit/delivery/controllers/common/common.go:92.2,92.16 1 1
HealthFit/delivery/controllers/common/common.go:95.2,95.17 1 1
HealthFit/delivery/controllers/common/common.go:98.2,102.3 1 1
HealthFit/delivery/controllers/common/common.go:89.17,91.3 1 1
HealthFit/delivery/controllers/common/common.go:92.16,94.3 1 1
HealthFit/delivery/controllers/common/common.go:95.17,97.3 1 1
HealthFit/delivery/controllers/admin/admin.go:16.51,20.2 1 1
HealthFit/delivery/controllers/admin/admin.go:22.56,23.36 1 1
HealthFit/delivery/controllers/admin/admin.go:23.36,29.17 4 1
HealthFit/delivery/controllers/admin/admin.go:33.3,35.22 2 1
HealthFit/delivery/controllers/admin/admin.go:39.3,46.106 7 1
HealthFit/delivery/controllers/admin/admin.go:29.17,31.4 1 1
HealthFit/delivery/controllers/admin/admin.go:35.22,37.4 1 1
HealthFit/delivery/controllers/auth/auth.go:16.42,20.2 1 1
HealthFit/delivery/controllers/auth/auth.go:22.52,23.36 1 1
HealthFit/delivery/controllers/auth/auth.go:23.36,29.26 4 1
HealthFit/delivery/controllers/auth/auth.go:33.3,35.22 2 1
HealthFit/delivery/controllers/auth/auth.go:44.3,55.17 3 1
HealthFit/delivery/controllers/auth/auth.go:59.3,59.122 1 1
HealthFit/delivery/controllers/auth/auth.go:29.26,31.4 1 1
HealthFit/delivery/controllers/auth/auth.go:35.22,37.45 2 1
HealthFit/delivery/controllers/auth/auth.go:42.4,42.92 1 1
HealthFit/delivery/controllers/auth/auth.go:37.45,39.5 1 1
HealthFit/delivery/controllers/auth/auth.go:39.10,39.55 1 1
HealthFit/delivery/controllers/auth/auth.go:39.55,41.5 1 1
HealthFit/delivery/controllers/auth/auth.go:55.17,57.4 1 1
HealthFit/delivery/controllers/auth/auth.go:64.57,65.36 1 1
HealthFit/delivery/controllers/auth/auth.go:65.36,71.26 4 1
HealthFit/delivery/controllers/auth/auth.go:75.3,77.22 2 1
HealthFit/delivery/controllers/auth/auth.go:86.3,95.17 3 1
HealthFit/delivery/controllers/auth/auth.go:99.3,99.122 1 1
HealthFit/delivery/controllers/auth/auth.go:71.26,73.4 1 1
HealthFit/delivery/controllers/auth/auth.go:77.22,79.45 2 1
HealthFit/delivery/controllers/auth/auth.go:84.4,84.92 1 1
HealthFit/delivery/controllers/auth/auth.go:79.45,81.5 1 1
HealthFit/delivery/controllers/auth/auth.go:81.10,81.55 1 1
HealthFit/delivery/controllers/auth/auth.go:81.55,83.5 1 1
HealthFit/delivery/controllers/auth/auth.go:95.17,97.4 1 1
HealthFit/delivery/controllers/foods/foods.go:25.70,30.2 1 1
HealthFit/delivery/controllers/foods/foods.go:32.54,33.36 1 1
HealthFit/delivery/controllers/foods/foods.go:33.36,36.15 2 1
HealthFit/delivery/controllers/foods/foods.go:40.3,43.18 4 1
HealthFit/delivery/controllers/foods/foods.go:47.3,48.18 2 1
HealthFit/delivery/controllers/foods/foods.go:52.3,52.18 1 1
HealthFit/delivery/controllers/foods/foods.go:63.3,75.17 2 1
HealthFit/delivery/controllers/foods/foods.go:79.3,91.106 12 1
HealthFit/delivery/controllers/foods/foods.go:36.15,38.4 1 1
HealthFit/delivery/controllers/foods/foods.go:43.18,45.4 1 1
HealthFit/delivery/controllers/foods/foods.go:48.18,50.4 1 1
HealthFit/delivery/controllers/foods/foods.go:52.18,55.19 3 0
HealthFit/delivery/controllers/foods/foods.go:58.4,58.25 1 0
HealthFit/delivery/controllers/foods/foods.go:55.19,57.5 1 0
HealthFit/delivery/controllers/foods/foods.go:59.9,59.25 1 1
HealthFit/delivery/controllers/foods/foods.go:59.25,61.4 1 1
HealthFit/delivery/controllers/foods/foods.go:75.17,77.4 1 1
HealthFit/delivery/controllers/foods/foods.go:96.55,97.36 1 1
HealthFit/delivery/controllers/foods/foods.go:97.36,102.17 3 1
HealthFit/delivery/controllers/foods/foods.go:112.3,124.114 12 1
HealthFit/delivery/controllers/foods/foods.go:102.17,105.34 3 1
HealthFit/delivery/controllers/foods/foods.go:109.4,109.83 1 1
HealthFit/delivery/controllers/foods/foods.go:105.34,108.5 2 0
HealthFit/delivery/controllers/foods/foods.go:129.54,130.36 1 1
HealthFit/delivery/controllers/foods/foods.go:130.36,136.17 4 1
HealthFit/delivery/controllers/foods/foods.go:140.3,141.33 2 1
HealthFit/delivery/controllers/foods/foods.go:159.3,159.93 1 1
HealthFit/delivery/controllers/foods/foods.go:136.17,138.4 1 1
HealthFit/delivery/controllers/foods/foods.go:141.33,157.4 12 1
HealthFit/delivery/controllers/foods/foods.go:163.54,164.36 1 1
HealthFit/delivery/controllers/foods/foods.go:164.36,167.15 2 1
HealthFit/delivery/controllers/foods/foods.go:171.3,176.18 5 1
HealthFit/delivery/controllers/foods/foods.go:180.3,181.20 2 1
HealthFit/delivery/controllers/foods/foods.go:185.3,186.18 2 1
HealthFit/delivery/controllers/foods/foods.go:214.3,226.17 2 1
HealthFit/delivery/controllers/foods/foods.go:230.3,242.106 12 1
HealthFit/delivery/controllers/foods/foods.go:167.15,169.4 1 1
HealthFit/delivery/controllers/foods/foods.go:176.18,178.4 1 1
HealthFit/delivery/controllers/foods/foods.go:181.20,183.4 1 1
HealthFit/delivery/controllers/foods/foods.go:186.18,188.4 1 1
HealthFit/delivery/controllers/foods/foods.go:188.9,188.25 1 0
HealthFit/delivery/controllers/foods/foods.go:188.25,191.50 3 0
HealthFit/delivery/controllers/foods/foods.go:191.50,194.21 2 0
HealthFit/delivery/controllers/foods/foods.go:197.5,197.30 1 0
HealthFit/delivery/controllers/foods/foods.go:194.21,196.6 1 0
HealthFit/delivery/controllers/foods/foods.go:199.10,199.35 1 0
HealthFit/delivery/controllers/foods/foods.go:199.35,205.43 4 0
HealthFit/delivery/controllers/foods/foods.go:205.43,207.6 1 0
HealthFit/delivery/controllers/foods/foods.go:209.10,209.26 1 0
HealthFit/delivery/controllers/foods/foods.go:209.26,211.5 1 0
HealthFit/delivery/controllers/foods/foods.go:226.17,228.4 1 1
HealthFit/delivery/controllers/foods/foods.go:246.54,247.36 1 1
HealthFit/delivery/controllers/foods/foods.go:247.36,249.15 2 1
HealthFit/delivery/controllers/foods/foods.go:253.3,256.17 3 1
HealthFit/delivery/controllers/foods/foods.go:260.3,260.91 1 1
HealthFit/delivery/controllers/foods/foods.go:249.15,251.4 1 1
HealthFit/delivery/controllers/foods/foods.go:256.17,258.4 1 1
HealthFit/delivery/controllers/foods/foods.go:264.54,265.36 1 1
HealthFit/delivery/controllers/foods/foods.go:265.36,270.17 3 1
HealthFit/delivery/controllers/foods/foods.go:274.3,275.30 2 1
HealthFit/delivery/controllers/foods/foods.go:290.3,290.97 1 1
HealthFit/delivery/controllers/foods/foods.go:270.17,272.4 1 1
HealthFit/delivery/controllers/foods/foods.go:275.30,288.4 1 1
HealthFit/delivery/controllers/foods/foods.go:294.64,295.36 1 0
HealthFit/delivery/controllers/foods/foods.go:295.36,297.15 2 0
HealthFit/delivery/controllers/foods/foods.go:301.3,306.17 5 0
HealthFit/delivery/controllers/foods/foods.go:309.3,309.44 1 0
HealthFit/delivery/controllers/foods/foods.go:338.3,338.95 1 0
HealthFit/delivery/controllers/foods/foods.go:297.15,299.4 1 0
HealthFit/delivery/controllers/foods/foods.go:306.17,308.4 1 0
HealthFit/delivery/controllers/foods/foods.go:309.44,333.41 12 0
HealthFit/delivery/controllers/foods/foods.go:333.41,335.5 1 0
HealthFit/delivery/controllers/goal/goal.go:19.48,23.2 1 1
HealthFit/delivery/controllers/goal/goal.go:25.53,26.36 1 1
HealthFit/delivery/controllers/goal/goal.go:26.36,29.14 3 1
HealthFit/delivery/controllers/goal/goal.go:32.3,37.17 4 1
HealthFit/delivery/controllers/goal/goal.go:41.3,53.21 2 1
HealthFit/delivery/controllers/goal/goal.go:61.3,61.100 1 1
HealthFit/delivery/controllers/goal/goal.go:29.14,31.4 1 1
HealthFit/delivery/controllers/goal/goal.go:37.17,39.4 1 1
HealthFit/delivery/controllers/goal/goal.go:53.21,54.39 1 1
HealthFit/delivery/controllers/goal/goal.go:58.4,58.138 1 1
HealthFit/delivery/controllers/goal/goal.go:54.39,57.5 2 1
HealthFit/delivery/controllers/goal/goal.go:66.53,67.36 1 1
HealthFit/delivery/controllers/goal/goal.go:67.36,71.14 2 1
HealthFit/delivery/controllers/goal/goal.go:76.3,79.17 3 1
HealthFit/delivery/controllers/goal/goal.go:83.3,84.30 2 1
HealthFit/delivery/controllers/goal/goal.go:111.3,111.96 1 1
HealthFit/delivery/controllers/goal/goal.go:71.14,74.4 1 1
HealthFit/delivery/controllers/goal/goal.go:79.17,81.4 1 1
HealthFit/delivery/controllers/goal/goal.go:84.30,90.17 6 1
HealthFit/delivery/controllers/goal/goal.go:96.4,108.6 1 1
HealthFit/delivery/controllers/goal/goal.go:90.17,92.5 1 1
HealthFit/delivery/controllers/goal/goal.go:92.10,94.5 1 1
HealthFit/delivery/controllers/goal/goal.go:115.54,116.36 1 1
HealthFit/delivery/controllers/goal/goal.go:116.36,120.14 2 1
HealthFit/delivery/controllers/goal/goal.go:124.3,144.16 18 1
HealthFit/delivery/controllers/goal/goal.go:150.3,150.17 1 1
HealthFit/delivery/controllers/goal/goal.go:160.3,160.92 1 1
HealthFit/delivery/controllers/goal/goal.go:120.14,123.4 1 1
HealthFit/delivery/controllers/goal/goal.go:144.16,146.4 1 1
HealthFit/delivery/controllers/goal/goal.go:146.9,148.4 1 1
HealthFit/delivery/controllers/goal/goal.go:150.17,153.34 3 1
HealthFit/delivery/controllers/goal/goal.go:157.4,157.83 1 1
HealthFit/delivery/controllers/goal/goal.go:153.34,156.5 2 1
HealthFit/delivery/controllers/goal/goal.go:164.53,165.36 1 1
HealthFit/delivery/controllers/goal/goal.go:165.36,169.14 2 1
HealthFit/delivery/controllers/goal/goal.go:174.3,180.17 6 1
HealthFit/delivery/controllers/goal/goal.go:184.3,195.17 2 1
HealthFit/delivery/controllers/goal/goal.go:199.3,199.90 1 1
HealthFit/delivery/controllers/goal/goal.go:169.14,172.4 1 1
HealthFit/delivery/controllers/goal/goal.go:180.17,182.4 1 1
HealthFit/delivery/controllers/goal/goal.go:195.17,197.4 1 1
HealthFit/delivery/controllers/goal/goal.go:203.53,204.36 1 1
HealthFit/delivery/controllers/goal/goal.go:204.36,207.14 2 1
HealthFit/delivery/controllers/goal/goal.go:211.3,217.17 4 1
HealthFit/delivery/controllers/goal/goal.go:221.3,221.90 1 1
HealthFit/delivery/controllers/goal/goal.go:207.14,210.4 1 1
HealthFit/delivery/controllers/goal/goal.go:217.17,219.4 1 1
HealthFit/delivery/controllers/goal/goal.go:225.57,226.36 1 1
HealthFit/delivery/controllers/goal/goal.go:226.36,231.14 3 1
HealthFit/delivery/controllers/goal/goal.go:235.3,237.17 2 1
HealthFit/delivery/controllers/goal/goal.go:241.3,241.90 1 1
HealthFit/delivery/controllers/goal/goal.go:231.14,233.4 1 1
HealthFit/delivery/controllers/goal/goal.go:237.17,239.4 1 1
HealthFit/delivery/controllers/menu/menu.go:17.48,21.2 1 1
HealthFit/delivery/controllers/menu/menu.go:23.53,24.36 1 1
HealthFit/delivery/controllers/menu/menu.go:24.36,32.14 6 1
HealthFit/delivery/controllers/menu/menu.go:66.3,73.105 6 1
HealthFit/delivery/controllers/menu/menu.go:32.14,36.19 4 1
HealthFit/delivery/controllers/menu/menu.go:40.4,43.18 2 1
HealthFit/delivery/controllers/menu/menu.go:46.4,46.17 1 1
HealthFit/delivery/controllers/menu/menu.go:36.19,38.5 1 1
HealthFit/delivery/controllers/menu/menu.go:43.18,45.5 1 1
HealthFit/delivery/controllers/menu/menu.go:48.9,48.22 1 1
HealthFit/delivery/controllers/menu/menu.go:48.22,52.19 4 1
HealthFit/delivery/controllers/menu/menu.go:56.4,60.18 2 1
HealthFit/delivery/controllers/menu/menu.go:63.4,63.17 1 1
HealthFit/delivery/controllers/menu/menu.go:52.19,54.5 1 1
HealthFit/delivery/controllers/menu/menu.go:60.18,62.5 1 1
HealthFit/delivery/controllers/menu/menu.go:78.53,79.36 1 1
HealthFit/delivery/controllers/menu/menu.go:79.36,85.17 4 1
HealthFit/delivery/controllers/menu/menu.go:89.3,90.30 2 1
HealthFit/delivery/controllers/menu/menu.go:106.3,106.97 1 1
HealthFit/delivery/controllers/menu/menu.go:85.17,87.4 1 1
HealthFit/delivery/controllers/menu/menu.go:90.30,93.50 2 1
HealthFit/delivery/controllers/menu/menu.go:97.4,103.6 1 1
HealthFit/delivery/controllers/menu/menu.go:93.50,96.5 1 1
HealthFit/delivery/controllers/menu/menu.go:110.68,111.36 1 1
HealthFit/delivery/controllers/menu/menu.go:111.36,114.14 2 1
HealthFit/delivery/controllers/menu/menu.go:117.3,121.17 3 1
HealthFit/delivery/controllers/menu/menu.go:131.3,132.30 2 1
HealthFit/delivery/controllers/menu/menu.go:147.3,147.120 1 1
HealthFit/delivery/controllers/menu/menu.go:114.14,116.4 1 1
HealthFit/delivery/controllers/menu/menu.go:121.17,124.35 3 1
HealthFit/delivery/controllers/menu/menu.go:128.4,128.82 1 1
HealthFit/delivery/controllers/menu/menu.go:124.35,127.5 2 1
HealthFit/delivery/controllers/menu/menu.go:132.30,134.50 2 1
HealthFit/delivery/controllers/menu/menu.go:137.4,144.6 1 1
HealthFit/delivery/controllers/menu/menu.go:134.50,136.5 1 1
HealthFit/delivery/controllers/menu/menu.go:150.64,151.36 1 1
HealthFit/delivery/controllers/menu/menu.go:151.36,154.14 2 1
HealthFit/delivery/controllers/menu/menu.go:157.3,161.17 3 1
HealthFit/delivery/controllers/menu/menu.go:171.3,172.30 2 1
HealthFit/delivery/controllers/menu/menu.go:187.3,187.120 1 1
HealthFit/delivery/controllers/menu/menu.go:154.14,156.4 1 1
HealthFit/delivery/controllers/menu/menu.go:161.17,164.35 3 1
HealthFit/delivery/controllers/menu/menu.go:168.4,168.82 1 1
HealthFit/delivery/controllers/menu/menu.go:164.35,167.5 2 1
HealthFit/delivery/controllers/menu/menu.go:172.30,174.50 2 1
HealthFit/delivery/controllers/menu/menu.go:177.4,184.6 1 1
HealthFit/delivery/controllers/menu/menu.go:174.50,176.5 1 1
HealthFit/delivery/controllers/menu/menu.go:190.65,191.36 1 1
HealthFit/delivery/controllers/menu/menu.go:191.36,194.14 2 1
HealthFit/delivery/controllers/menu/menu.go:197.3,201.17 3 1
HealthFit/delivery/controllers/menu/menu.go:211.3,212.30 2 1
HealthFit/delivery/controllers/menu/menu.go:227.3,227.120 1 1
HealthFit/delivery/controllers/menu/menu.go:194.14,196.4 1 1
HealthFit/delivery/controllers/menu/menu.go:201.17,204.35 3 1
HealthFit/delivery/controllers/menu/menu.go:208.4,208.82 1 1
HealthFit/delivery/controllers/menu/menu.go:204.35,207.5 2 1
HealthFit/delivery/controllers/menu/menu.go:212.30,214.50 2 1
HealthFit/delivery/controllers/menu/menu.go:217.4,224.6 1 1
HealthFit/delivery/controllers/menu/menu.go:214.50,216.5 1 1
HealthFit/delivery/controllers/menu/menu.go:230.67,231.36 1 1
HealthFit/delivery/controllers/menu/menu.go:231.36,234.14 2 1
HealthFit/delivery/controllers/menu/menu.go:237.3,241.17 3 1
HealthFit/delivery/controllers/menu/menu.go:251.3,252.30 2 1
HealthFit/delivery/controllers/menu/menu.go:267.3,267.120 1 1
HealthFit/delivery/controllers/menu/menu.go:234.14,236.4 1 1
HealthFit/delivery/controllers/menu/menu.go:241.17,244.35 3 1
HealthFit/delivery/controllers/menu/menu.go:248.4,248.82 1 1
HealthFit/delivery/controllers/menu/menu.go:244.35,247.5 2 1
HealthFit/delivery/controllers/menu/menu.go:252.30,254.50 2 1
HealthFit/delivery/controllers/menu/menu.go:257.4,264.6 1 1
HealthFit/delivery/controllers/menu/menu.go:254.50,256.5 1 1
HealthFit/delivery/controllers/menu/menu.go:271.53,272.36 1 1
HealthFit/delivery/controllers/menu/menu.go:272.36,275.15 2 1
HealthFit/delivery/controllers/menu/menu.go:278.3,285.18 6 1
HealthFit/delivery/controllers/menu/menu.go:289.3,294.17 2 1
HealthFit/delivery/controllers/menu/menu.go:298.3,306.42 7 1
HealthFit/delivery/controllers/menu/menu.go:310.3,312.95 2 1
HealthFit/delivery/controllers/menu/menu.go:275.15,277.4 1 1
HealthFit/delivery/controllers/menu/menu.go:285.18,287.4 1 1
HealthFit/delivery/controllers/menu/menu.go:294.17,296.4 1 1
HealthFit/delivery/controllers/menu/menu.go:306.42,309.4 1 1
HealthFit/delivery/controllers/menu/menu.go:317.53,318.36 1 1
HealthFit/delivery/controllers/menu/menu.go:318.36,321.15 2 1
HealthFit/delivery/controllers/menu/menu.go:325.3,328.17 3 1
HealthFit/delivery/controllers/menu/menu.go:332.3,332.90 1 1
HealthFit/delivery/controllers/menu/menu.go:321.15,323.4 1 1
HealthFit/delivery/controllers/menu/menu.go:328.17,330.4 1 1
HealthFit/delivery/controllers/user/user.go:22.69,27.2 1 1
HealthFit/delivery/controllers/user/user.go:29.55,30.36 1 1
HealthFit/delivery/controllers/user/user.go:30.36,36.17 4 1
HealthFit/delivery/controllers/user/user.go:40.3,41.18 2 1
HealthFit/delivery/controllers/user/user.go:45.3,45.18 1 1
HealthFit/delivery/controllers/user/user.go:56.3,64.22 2 1
HealthFit/delivery/controllers/user/user.go:68.3,76.105 8 1
HealthFit/delivery/controllers/user/user.go:36.17,38.4 1 1
HealthFit/delivery/controllers/user/user.go:41.18,43.4 1 1
HealthFit/delivery/controllers/user/user.go:45.18,48.19 3 0
HealthFit/delivery/controllers/user/user.go:51.4,51.21 1 0
HealthFit/delivery/controllers/user/user.go:48.19,50.5 1 0
HealthFit/delivery/controllers/user/user.go:52.9,52.25 1 1
HealthFit/delivery/controllers/user/user.go:52.25,54.4 1 1
HealthFit/delivery/controllers/user/user.go:64.22,66.4 1 1
HealthFit/delivery/controllers/user/user.go:81.54,82.36 1 1
HealthFit/delivery/controllers/user/user.go:82.36,87.17 3 1
HealthFit/delivery/controllers/user/user.go:91.3,91.87 1 1
HealthFit/delivery/controllers/user/user.go:87.17,89.4 1 1
HealthFit/delivery/controllers/user/user.go:95.53,96.36 1 1
HealthFit/delivery/controllers/user/user.go:96.36,102.17 5 1
HealthFit/delivery/controllers/user/user.go:106.3,107.20 2 1
HealthFit/delivery/controllers/user/user.go:111.3,112.18 2 1
HealthFit/delivery/controllers/user/user.go:133.3,141.22 2 1
HealthFit/delivery/controllers/user/user.go:145.3,153.95 8 1
HealthFit/delivery/controllers/user/user.go:102.17,104.4 1 0
HealthFit/delivery/controllers/user/user.go:107.20,109.4 1 1
HealthFit/delivery/controllers/user/user.go:112.18,114.4 1 1
HealthFit/delivery/controllers/user/user.go:114.9,114.25 1 0
HealthFit/delivery/controllers/user/user.go:114.25,116.26 2 0
HealthFit/delivery/controllers/user/user.go:116.26,121.43 4 0
HealthFit/delivery/controllers/user/user.go:121.43,123.6 1 0
HealthFit/delivery/controllers/user/user.go:124.10,124.33 1 0
HealthFit/delivery/controllers/user/user.go:124.33,126.21 2 0
HealthFit/delivery/controllers/user/user.go:129.5,129.26 1 0
HealthFit/delivery/controllers/user/user.go:126.21,128.6 1 0
HealthFit/delivery/controllers/user/user.go:141.22,143.4 1 1
HealthFit/delivery/controllers/user/user.go:157.53,158.36 1 1
HealthFit/delivery/controllers/user/user.go:158.36,162.17 3 1
HealthFit/delivery/controllers/user/user.go:166.3,166.90 1 1
HealthFit/delivery/controllers/user/user.go:162.17,164.4 1 1
HealthFit/delivery/controllers/user_history/user_history.go:17.69,21.2 1 1
HealthFit/delivery/controllers/user_history/user_history.go:23.60,24.36 1 1
HealthFit/delivery/controllers/user_history/user_history.go:24.36,27.14 2 1
HealthFit/delivery/controllers/user_history/user_history.go:32.3,39.17 6 1
HealthFit/delivery/controllers/user_history/user_history.go:43.3,49.18 2 1
HealthFit/delivery/controllers/user_history/user_history.go:52.3,57.113 5 1
HealthFit/delivery/controllers/user_history/user_history.go:27.14,30.4 1 1
HealthFit/delivery/controllers/user_history/user_history.go:39.17,41.4 1 1
HealthFit/delivery/controllers/user_history/user_history.go:49.18,51.4 1 1
HealthFit/delivery/controllers/user_history/user_history.go:62.60,63.36 1 1
HealthFit/delivery/controllers/user_history/user_history.go:63.36,66.14 2 1
HealthFit/delivery/controllers/user_history/user_history.go:71.3,74.17 3 1
HealthFit/delivery/controllers/user_history/user_history.go:77.3,78.33 2 1
HealthFit/delivery/controllers/user_history/user_history.go:92.3,92.104 1 1
HealthFit/delivery/controllers/user_history/user_history.go:66.14,69.4 1 1
HealthFit/delivery/controllers/user_history/user_history.go:74.17,76.4 1 1
HealthFit/delivery/controllers/user_history/user_history.go:78.33,86.54 8 1
HealthFit/delivery/controllers/user_history/user_history.go:89.4,89.45 1 1
HealthFit/delivery/controllers/user_history/user_history.go:86.54,88.5 1 1
HealthFit/delivery/controllers/user_history/user_history.go:96.62,97.36 1 1
HealthFit/delivery/controllers/user_history/user_history.go:97.36,100.14 2 1
HealthFit/delivery/controllers/user_history/user_history.go:105.3,109.17 4 1
HealthFit/delivery/controllers/user_history/user_history.go:113.3,120.50 8 1
HealthFit/delivery/controllers/user_history/user_history.go:124.3,124.92 1 1
HealthFit/delivery/controllers/user_history/user_history.go:100.14,103.4 1 1
HealthFit/delivery/controllers/user_history/user_history.go:109.17,111.4 1 1
HealthFit/delivery/controllers/user_history/user_history.go:120.50,122.4 1 1
HealthFit/repository/admin/admin.go:16.40,20.2 1 1
HealthFit/repository/admin/admin.go:22.77,29.53 5 1
HealthFit/repository/admin/admin.go:33.2,33.15 1 1
HealthFit/repository/admin/admin.go:29.53,31.3 1 0
HealthFit/repository/foods/foods.go:19.39,23.2 1 1
HealthFit/repository/foods/foods.go:25.74,29.53 3 1
HealthFit/repository/foods/foods.go:33.2,33.15 1 1
HealthFit/repository/foods/foods.go:29.53,31.3 1 1
HealthFit/repository/foods/foods.go:36.75,40.27 3 1
HealthFit/repository/foods/foods.go:43.2,44.18 2 1
HealthFit/repository/foods/foods.go:40.27,42.3 1 1
HealthFit/repository/foods/foods.go:47.83,52.105 3 1
HealthFit/repository/foods/foods.go:59.2,59.40 1 1
HealthFit/repository/foods/foods.go:62.2,62.43 1 1
HealthFit/repository/foods/foods.go:67.2,67.64 1 1
HealthFit/repository/foods/foods.go:71.2,71.19 1 1
HealthFit/repository/foods/foods.go:52.105,53.89 1 1
HealthFit/repository/foods/foods.go:56.3,56.20 1 1
HealthFit/repository/foods/foods.go:53.89,55.4 1 1
HealthFit/repository/foods/foods.go:59.40,61.3 1 1
HealthFit/repository/foods/foods.go:62.43,65.3 2 1
HealthFit/repository/foods/foods.go:67.64,69.3 1 1
HealthFit/repository/foods/foods.go:74.98,79.27 3 1
HealthFit/repository/foods/foods.go:83.2,83.19 1 1
HealthFit/repository/foods/foods.go:79.27,81.3 1 1
HealthFit/repository/foods/foods.go:86.57,89.27 2 1
HealthFit/repository/foods/foods.go:93.2,93.12 1 1
HealthFit/repository/foods/foods.go:89.27,91.3 1 1
HealthFit/repository/foods/foods.go:96.76,99.20 2 1
HealthFit/repository/foods/foods.go:111.2,111.19 1 1
HealthFit/repository/foods/foods.go:99.20,101.21 2 1
HealthFit/repository/foods/foods.go:101.21,103.4 1 1
HealthFit/repository/foods/foods.go:104.8,106.28 2 1
HealthFit/repository/foods/foods.go:106.28,108.4 1 1
HealthFit/repository/foods/foods.go:114.94,118.38 3 1
HealthFit/repository/foods/foods.go:127.2,127.45 1 1
HealthFit/repository/foods/foods.go:118.38,119.26 1 1
HealthFit/repository/foods/foods.go:122.3,122.60 1 1
HealthFit/repository/foods/foods.go:125.3,125.49 1 1
HealthFit/repository/foods/foods.go:119.26,121.4 1 1
HealthFit/repository/foods/foods.go:122.60,124.4 1 1
HealthFit/repository/user/user.go:16.39,20.2 1 1
HealthFit/repository/user/user.go:22.76,29.53 5 1
HealthFit/repository/user/user.go:33.2,33.15 1 1
HealthFit/repository/user/user.go:29.53,31.3 1 0
HealthFit/repository/user/user.go:36.75,40.30 3 1
HealthFit/repository/user/user.go:43.2,43.37 1 1
HealthFit/repository/user/user.go:47.2,47.21 1 0
HealthFit/repository/user/user.go:40.30,42.3 1 1
HealthFit/repository/user/user.go:43.37,45.3 1 1
HealthFit/repository/user/user.go:50.97,55.73 3 1
HealthFit/repository/user/user.go:59.2,59.18 1 1
HealthFit/repository/user/user.go:55.73,57.3 1 1
HealthFit/repository/user/user.go:62.57,64.99 1 1
HealthFit/repository/user/user.go:67.2,67.12 1 1
HealthFit/repository/user/user.go:64.99,66.3 1 0
HealthFit/repository/auth/auth.go:18.31,22.2 1 1
HealthFit/repository/auth/auth.go:24.72,27.88 2 1
HealthFit/repository/auth/auth.go:31.2,33.12 2 1
HealthFit/repository/auth/auth.go:37.2,37.17 1 1
HealthFit/repository/auth/auth.go:50.2,50.18 1 1
HealthFit/repository/auth/auth.go:27.88,29.3 1 1
HealthFit/repository/auth/auth.go:33.12,35.3 1 1
HealthFit/repository/auth/auth.go:37.17,39.41 2 0
HealthFit/repository/auth/auth.go:39.41,42.4 2 0
HealthFit/repository/auth/auth.go:42.9,42.65 1 0
HealthFit/repository/auth/auth.go:42.65,45.4 2 0
HealthFit/repository/auth/auth.go:45.9,47.4 1 0
HealthFit/repository/auth/auth.go:52.73,57.22 3 1
HealthFit/repository/auth/auth.go:60.2,64.33 4 0
HealthFit/repository/auth/auth.go:73.2,73.54 1 0
HealthFit/repository/auth/auth.go:57.22,59.3 1 1
HealthFit/repository/auth/auth.go:64.33,66.112 2 0
HealthFit/repository/auth/auth.go:69.3,69.24 1 0
HealthFit/repository/auth/auth.go:66.112,68.4 1 0
HealthFit/repository/goal/goal.go:18.39,22.2 1 1
HealthFit/repository/goal/goal.go:24.74,27.42 3 1
HealthFit/repository/goal/goal.go:31.2,31.70 1 1
HealthFit/repository/goal/goal.go:35.2,37.53 3 1
HealthFit/repository/goal/goal.go:40.2,40.15 1 1
HealthFit/repository/goal/goal.go:27.42,29.3 1 1
HealthFit/repository/goal/goal.go:31.70,33.3 1 1
HealthFit/repository/goal/goal.go:37.53,39.3 1 1
HealthFit/repository/goal/goal.go:43.76,48.20 3 1
HealthFit/repository/goal/goal.go:52.2,52.19 1 1
HealthFit/repository/goal/goal.go:48.20,50.3 1 1
HealthFit/repository/goal/goal.go:55.92,59.37 3 1
HealthFit/repository/goal/goal.go:65.2,70.42 5 1
HealthFit/repository/goal/goal.go:77.2,77.18 1 1
HealthFit/repository/goal/goal.go:59.37,60.31 1 1
HealthFit/repository/goal/goal.go:63.3,63.19 1 0
HealthFit/repository/goal/goal.go:60.31,62.4 1 1
HealthFit/repository/goal/goal.go:70.42,72.117 2 0
HealthFit/repository/goal/goal.go:72.117,74.4 1 0
HealthFit/repository/goal/goal.go:80.97,85.73 3 1
HealthFit/repository/goal/goal.go:89.2,89.18 1 1
HealthFit/repository/goal/goal.go:85.73,87.3 1 1
HealthFit/repository/goal/goal.go:92.74,95.27 2 1
HealthFit/repository/goal/goal.go:98.2,98.12 1 1
HealthFit/repository/goal/goal.go:95.27,97.3 1 1
HealthFit/repository/goal/goal.go:102.70,106.132 2 1
HealthFit/repository/goal/goal.go:110.2,114.33 4 1
HealthFit/repository/goal/goal.go:122.2,122.18 1 1
HealthFit/repository/goal/goal.go:106.132,108.3 1 1
HealthFit/repository/goal/goal.go:114.33,116.129 2 1
HealthFit/repository/goal/goal.go:116.129,118.4 1 0
HealthFit/repository/goal/goal.go:126.78,130.132 2 1
HealthFit/repository/goal/goal.go:134.2,134.118 1 1
HealthFit/repository/goal/goal.go:138.2,138.18 1 1
HealthFit/repository/goal/goal.go:130.132,132.3 1 1
HealthFit/repository/goal/goal.go:134.118,136.3 1 0
HealthFit/repository/goal/goal.go:141.60,145.132 2 0
HealthFit/repository/goal/goal.go:149.2,150.116 2 0
HealthFit/repository/goal/goal.go:154.2,154.12 1 0
HealthFit/repository/goal/goal.go:145.132,147.3 1 0
HealthFit/repository/goal/goal.go:150.116,152.3 1 0
HealthFit/repository/goal/goal.go:158.84,167.38 6 1
HealthFit/repository/goal/goal.go:170.2,173.27 3 1
HealthFit/repository/goal/goal.go:185.2,185.27 1 1
HealthFit/repository/goal/goal.go:189.2,189.29 1 1
HealthFit/repository/goal/goal.go:192.2,192.34 1 1
HealthFit/repository/goal/goal.go:199.2,199.34 1 1
HealthFit/repository/goal/goal.go:207.2,207.25 1 1
HealthFit/repository/goal/goal.go:167.38,169.3 1 0
HealthFit/repository/goal/goal.go:174.20,175.21 1 1
HealthFit/repository/goal/goal.go:176.23,177.22 1 1
HealthFit/repository/goal/goal.go:178.22,179.21 1 1
HealthFit/repository/goal/goal.go:180.16,181.22 1 1
HealthFit/repository/goal/goal.go:182.21,183.21 1 0
HealthFit/repository/goal/goal.go:185.27,188.3 1 1
HealthFit/repository/goal/goal.go:189.29,191.3 1 1
HealthFit/repository/goal/goal.go:192.34,195.28 3 1
HealthFit/repository/goal/goal.go:195.28,197.4 1 1
HealthFit/repository/goal/goal.go:199.34,202.28 3 1
HealthFit/repository/goal/goal.go:202.28,204.4 1 0
HealthFit/repository/user_history/user_history.go:15.46,19.2 1 1
HealthFit/repository/user_history/user_history.go:21.106,23.57 1 1
HealthFit/repository/user_history/user_history.go:44.2,44.16 1 1
HealthFit/repository/user_history/user_history.go:48.2,48.24 1 1
HealthFit/repository/user_history/user_history.go:23.57,29.85 4 1
HealthFit/repository/user_history/user_history.go:32.3,33.100 2 1
HealthFit/repository/user_history/user_history.go:36.3,37.113 2 1
HealthFit/repository/user_history/user_history.go:41.3,41.13 1 1
HealthFit/repository/user_history/user_history.go:29.85,31.4 1 1
HealthFit/repository/user_history/user_history.go:33.100,35.4 1 0
HealthFit/repository/user_history/user_history.go:37.113,39.4 1 0
HealthFit/repository/user_history/user_history.go:44.16,46.3 1 1
HealthFit/repository/user_history/user_history.go:51.91,55.27 3 1
HealthFit/repository/user_history/user_history.go:59.2,59.25 1 1
HealthFit/repository/user_history/user_history.go:55.27,57.3 1 1
HealthFit/repository/user_history/user_history.go:62.108,66.30 3 1
HealthFit/repository/user_history/user_history.go:70.2,70.26 1 1
HealthFit/repository/user_history/user_history.go:66.30,68.3 1 1
HealthFit/repository/menu/menu.go:18.39,22.2 1 1
HealthFit/repository/menu/menu.go:24.112,28.57 3 1
HealthFit/repository/menu/menu.go:57.2,57.16 1 1
HealthFit/repository/menu/menu.go:61.2,63.34 2 1
HealthFit/repository/menu/menu.go:67.2,67.21 1 1
HealthFit/repository/menu/menu.go:28.57,31.51 2 1
HealthFit/repository/menu/menu.go:34.3,34.35 1 1
HealthFit/repository/menu/menu.go:50.3,50.139 1 1
HealthFit/repository/menu/menu.go:54.3,54.13 1 1
HealthFit/repository/menu/menu.go:31.51,33.4 1 1
HealthFit/repository/menu/menu.go:34.35,39.81 2 1
HealthFit/repository/menu/menu.go:43.4,44.118 2 1
HealthFit/repository/menu/menu.go:47.4,47.35 1 1
HealthFit/repository/menu/menu.go:39.81,41.5 1 1
HealthFit/repository/menu/menu.go:44.118,46.5 1 1
HealthFit/repository/menu/menu.go:50.139,52.4 1 0
HealthFit/repository/menu/menu.go:57.16,59.3 1 1
HealthFit/repository/menu/menu.go:63.34,65.3 1 0
HealthFit/repository/menu/menu.go:69.111,74.57 3 1
HealthFit/repository/menu/menu.go:117.2,119.34 2 1
HealthFit/repository/menu/menu.go:123.2,123.16 1 1
HealthFit/repository/menu/menu.go:127.2,127.21 1 1
HealthFit/repository/menu/menu.go:74.57,77.51 2 1
HealthFit/repository/menu/menu.go:80.3,80.35 1 1
HealthFit/repository/menu/menu.go:96.3,97.140 2 1
HealthFit/repository/menu/menu.go:101.3,108.95 7 1
HealthFit/repository/menu/menu.go:112.3,112.139 1 1
HealthFit/repository/menu/menu.go:115.3,115.13 1 1
HealthFit/repository/menu/menu.go:77.51,79.4 1 1
HealthFit/repository/menu/menu.go:80.35,85.81 2 1
HealthFit/repository/menu/menu.go:89.4,90.118 2 1
HealthFit/repository/menu/menu.go:93.4,93.35 1 1
HealthFit/repository/menu/menu.go:85.81,87.5 1 0
HealthFit/repository/menu/menu.go:90.118,92.5 1 1
HealthFit/repository/menu/menu.go:97.140,99.4 1 1
HealthFit/repository/menu/menu.go:108.95,110.4 1 1
HealthFit/repository/menu/menu.go:112.139,114.4 1 0
HealthFit/repository/menu/menu.go:119.34,121.3 1 1
HealthFit/repository/menu/menu.go:123.16,125.3 1 0
HealthFit/repository/menu/menu.go:131.98,134.39 2 1
HealthFit/repository/menu/menu.go:159.2,159.19 1 1
HealthFit/repository/menu/menu.go:134.39,136.35 2 1
HealthFit/repository/menu/menu.go:136.35,138.4 1 1
HealthFit/repository/menu/menu.go:139.8,139.46 1 1
HealthFit/repository/menu/menu.go:139.46,142.35 2 1
HealthFit/repository/menu/menu.go:142.35,144.4 1 1
HealthFit/repository/menu/menu.go:145.8,145.46 1 1
HealthFit/repository/menu/menu.go:145.46,148.35 2 1
HealthFit/repository/menu/menu.go:148.35,150.4 1 1
HealthFit/repository/menu/menu.go:151.8,154.35 2 1
HealthFit/repository/menu/menu.go:154.35,156.4 1 1
HealthFit/repository/menu/menu.go:162.101,174.57 9 1
HealthFit/repository/menu/menu.go:234.2,234.16 1 1
HealthFit/repository/menu/menu.go:238.2,238.61 1 1
HealthFit/repository/menu/menu.go:174.57,178.39 2 1
HealthFit/repository/menu/menu.go:181.3,183.39 2 1
HealthFit/repository/menu/menu.go:186.3,190.28 4 1
HealthFit/repository/menu/menu.go:202.3,202.28 1 1
HealthFit/repository/menu/menu.go:206.3,206.30 1 1
HealthFit/repository/menu/menu.go:211.3,211.35 1 1
HealthFit/repository/menu/menu.go:218.3,218.35 1 1
HealthFit/repository/menu/menu.go:227.3,232.13 6 1
HealthFit/repository/menu/menu.go:178.39,180.4 1 1
HealthFit/repository/menu/menu.go:183.39,185.4 1 0
HealthFit/repository/menu/menu.go:191.21,192.22 1 1
HealthFit/repository/menu/menu.go:193.24,194.23 1 1
HealthFit/repository/menu/menu.go:195.23,196.22 1 1
HealthFit/repository/menu/menu.go:197.17,198.23 1 1
HealthFit/repository/menu/menu.go:199.22,200.22 1 0
HealthFit/repository/menu/menu.go:202.28,205.4 1 1
HealthFit/repository/menu/menu.go:206.30,209.4 1 0
HealthFit/repository/menu/menu.go:211.35,214.29 3 1
HealthFit/repository/menu/menu.go:214.29,216.5 1 0
HealthFit/repository/menu/menu.go:218.35,221.29 3 1
HealthFit/repository/menu/menu.go:221.29,223.5 1 0
HealthFit/repository/menu/menu.go:234.16,236.3 1 1
HealthFit/repository/menu/menu.go:240.103,243.16 2 1
HealthFit/repository/menu/menu.go:247.2,251.29 4 1
HealthFit/repository/menu/menu.go:260.2,262.34 2 1
HealthFit/repository/menu/menu.go:265.2,267.35 2 1
HealthFit/repository/menu/menu.go:243.16,245.3 1 1
HealthFit/repository/menu/menu.go:251.29,255.3 3 1
HealthFit/repository/menu/menu.go:255.8,255.36 1 1
HealthFit/repository/menu/menu.go:255.36,258.3 2 1
HealthFit/repository/menu/menu.go:262.34,264.3 1 0
HealthFit/repository/menu/menu.go:269.99,272.16 2 1
HealthFit/repository/menu/menu.go:276.2,279.29 4 1
HealthFit/repository/menu/menu.go:288.2,290.34 2 1
HealthFit/repository/menu/menu.go:293.2,295.31 2 1
HealthFit/repository/menu/menu.go:272.16,274.3 1 1
HealthFit/repository/menu/menu.go:279.29,283.3 3 1
HealthFit/repository/menu/menu.go:283.8,283.36 1 1
HealthFit/repository/menu/menu.go:283.36,286.3 2 1
HealthFit/repository/menu/menu.go:290.34,292.3 1 0
HealthFit/repository/menu/menu.go:297.100,300.16 2 1
HealthFit/repository/menu/menu.go:304.2,308.29 4 1
HealthFit/repository/menu/menu.go:317.2,319.34 2 1
HealthFit/repository/menu/menu.go:322.2,324.32 2 1
HealthFit/repository/menu/menu.go:300.16,302.3 1 1
HealthFit/repository/menu/menu.go:308.29,312.3 3 1
HealthFit/repository/menu/menu.go:312.8,312.36 1 1
HealthFit/repository/menu/menu.go:312.36,315.3 2 1
HealthFit/repository/menu/menu.go:319.34,321.3 1 0
HealthFit/repository/menu/menu.go:326.102,329.16 2 1
HealthFit/repository/menu/menu.go:333.2,337.29 4 1
HealthFit/repository/menu/menu.go:346.2,348.34 2 1
HealthFit/repository/menu/menu.go:351.2,353.34 2 1
HealthFit/repository/menu/menu.go:329.16,331.3 1 1
HealthFit/repository/menu/menu.go:337.29,341.3 3 1
HealthFit/repository/menu/menu.go:341.8,341.36 1 1
HealthFit/repository/menu/menu.go:341.36,344.3 2 1
HealthFit/repository/menu/menu.go:348.34,350.3 1 0
HealthFit/repository/menu/menu.go:356.123,358.57 1 1
HealthFit/repository/menu/menu.go:406.2,406.16 1 1
HealthFit/repository/menu/menu.go:410.2,412.34 2 1
HealthFit/repository/menu/menu.go:416.2,416.24 1 1
HealthFit/repository/menu/menu.go:358.57,368.48 6 1
HealthFit/repository/menu/menu.go:379.3,382.54 3 1
HealthFit/repository/menu/menu.go:385.3,385.35 1 1
HealthFit/repository/menu/menu.go:399.3,399.139 1 1
HealthFit/repository/menu/menu.go:403.3,403.13 1 1
HealthFit/repository/menu/menu.go:368.48,373.37 5 1
HealthFit/repository/menu/menu.go:373.37,374.25 1 1
HealthFit/repository/menu/menu.go:374.25,376.6 1 1
HealthFit/repository/menu/menu.go:382.54,384.4 1 1
HealthFit/repository/menu/menu.go:385.35,393.51 5 1
HealthFit/repository/menu/menu.go:396.4,396.35 1 1
HealthFit/repository/menu/menu.go:393.51,395.5 1 1
HealthFit/repository/menu/menu.go:399.139,401.4 1 0
HealthFit/repository/menu/menu.go:406.16,408.3 1 1
HealthFit/repository/menu/menu.go:412.34,414.3 1 0
HealthFit/repository/menu/menu.go:419.57,424.57 3 1
HealthFit/repository/menu/menu.go:437.2,437.16 1 1
HealthFit/repository/menu/menu.go:441.2,441.12 1 1
HealthFit/repository/menu/menu.go:424.57,426.104 1 1
HealthFit/repository/menu/menu.go:430.3,430.85 1 1
HealthFit/repository/menu/menu.go:433.3,433.13 1 1
HealthFit/repository/menu/menu.go:426.104,428.4 1 1
HealthFit/repository/menu/menu.go:430.85,432.4 1 1
HealthFit/repository/menu/menu.go:437.16,439.3 1 1
