mode: set
HealthFit/delivery/controllers/foods/foods.go:25.70,30.2 1 1
HealthFit/delivery/controllers/foods/foods.go:32.54,33.36 1 1
HealthFit/delivery/controllers/foods/foods.go:33.36,36.15 2 1
HealthFit/delivery/controllers/foods/foods.go:40.3,43.18 4 1
HealthFit/delivery/controllers/foods/foods.go:47.3,48.18 2 1
HealthFit/delivery/controllers/foods/foods.go:52.3,52.18 1 1
HealthFit/delivery/controllers/foods/foods.go:63.3,75.17 2 1
HealthFit/delivery/controllers/foods/foods.go:79.3,91.106 12 1
HealthFit/delivery/controllers/foods/foods.go:36.15,38.4 1 1
HealthFit/delivery/controllers/foods/foods.go:43.18,45.4 1 1
HealthFit/delivery/controllers/foods/foods.go:48.18,50.4 1 1
HealthFit/delivery/controllers/foods/foods.go:52.18,55.19 3 0
HealthFit/delivery/controllers/foods/foods.go:58.4,58.25 1 0
HealthFit/delivery/controllers/foods/foods.go:55.19,57.5 1 0
HealthFit/delivery/controllers/foods/foods.go:59.9,59.25 1 1
HealthFit/delivery/controllers/foods/foods.go:59.25,61.4 1 1
HealthFit/delivery/controllers/foods/foods.go:75.17,77.4 1 1
HealthFit/delivery/controllers/foods/foods.go:96.55,97.36 1 1
HealthFit/delivery/controllers/foods/foods.go:97.36,102.17 3 1
HealthFit/delivery/controllers/foods/foods.go:105.3,105.25 1 1
HealthFit/delivery/controllers/foods/foods.go:110.3,122.114 12 1
HealthFit/delivery/controllers/foods/foods.go:102.17,104.4 1 1
HealthFit/delivery/controllers/foods/foods.go:105.25,108.4 1 1
HealthFit/delivery/controllers/foods/foods.go:127.54,128.36 1 1
HealthFit/delivery/controllers/foods/foods.go:128.36,134.17 4 1
HealthFit/delivery/controllers/foods/foods.go:138.3,139.33 2 1
HealthFit/delivery/controllers/foods/foods.go:157.3,157.93 1 1
HealthFit/delivery/controllers/foods/foods.go:134.17,136.4 1 1
HealthFit/delivery/controllers/foods/foods.go:139.33,155.4 12 1
HealthFit/delivery/controllers/foods/foods.go:161.54,162.36 1 1
HealthFit/delivery/controllers/foods/foods.go:162.36,165.15 2 1
HealthFit/delivery/controllers/foods/foods.go:169.3,174.18 5 1
HealthFit/delivery/controllers/foods/foods.go:178.3,179.20 2 1
HealthFit/delivery/controllers/foods/foods.go:183.3,184.18 2 1
HealthFit/delivery/controllers/foods/foods.go:208.3,220.17 2 1
HealthFit/delivery/controllers/foods/foods.go:224.3,236.106 12 1
HealthFit/delivery/controllers/foods/foods.go:165.15,167.4 1 1
HealthFit/delivery/controllers/foods/foods.go:174.18,176.4 1 1
HealthFit/delivery/controllers/foods/foods.go:179.20,181.4 1 1
HealthFit/delivery/controllers/foods/foods.go:184.18,186.4 1 1
HealthFit/delivery/controllers/foods/foods.go:186.9,186.25 1 0
HealthFit/delivery/controllers/foods/foods.go:186.25,188.107 2 0
HealthFit/delivery/controllers/foods/foods.go:188.107,193.43 4 0
HealthFit/delivery/controllers/foods/foods.go:193.43,195.6 1 0
HealthFit/delivery/controllers/foods/foods.go:196.10,202.43 4 0
HealthFit/delivery/controllers/foods/foods.go:202.43,204.6 1 0
HealthFit/delivery/controllers/foods/foods.go:220.17,222.4 1 1
HealthFit/delivery/controllers/foods/foods.go:240.54,241.36 1 1
HealthFit/delivery/controllers/foods/foods.go:241.36,243.15 2 1
HealthFit/delivery/controllers/foods/foods.go:247.3,250.17 3 1
HealthFit/delivery/controllers/foods/foods.go:254.3,254.91 1 1
HealthFit/delivery/controllers/foods/foods.go:243.15,245.4 1 1
HealthFit/delivery/controllers/foods/foods.go:250.17,252.4 1 1
HealthFit/delivery/controllers/foods/foods.go:258.54,259.36 1 1
HealthFit/delivery/controllers/foods/foods.go:259.36,264.17 3 1
HealthFit/delivery/controllers/foods/foods.go:268.3,269.30 2 1
HealthFit/delivery/controllers/foods/foods.go:284.3,284.97 1 1
HealthFit/delivery/controllers/foods/foods.go:264.17,266.4 1 1
HealthFit/delivery/controllers/foods/foods.go:269.30,282.4 1 1
HealthFit/delivery/controllers/foods/foods.go:288.64,289.36 1 0
HealthFit/delivery/controllers/foods/foods.go:289.36,291.15 2 0
HealthFit/delivery/controllers/foods/foods.go:295.3,300.17 5 0
HealthFit/delivery/controllers/foods/foods.go:303.3,303.44 1 0
HealthFit/delivery/controllers/foods/foods.go:340.3,340.95 1 0
HealthFit/delivery/controllers/foods/foods.go:291.15,293.4 1 0
HealthFit/delivery/controllers/foods/foods.go:300.17,302.4 1 0
HealthFit/delivery/controllers/foods/foods.go:303.44,329.41 12 0
HealthFit/delivery/controllers/foods/foods.go:329.41,331.5 1 0
