mode: set
HealthFit/delivery/controllers/foods/foods.go:25.70,30.2 1 1
HealthFit/delivery/controllers/foods/foods.go:32.54,33.36 1 1
HealthFit/delivery/controllers/foods/foods.go:33.36,36.15 2 1
HealthFit/delivery/controllers/foods/foods.go:40.3,43.18 4 1
HealthFit/delivery/controllers/foods/foods.go:47.3,48.18 2 1
HealthFit/delivery/controllers/foods/foods.go:52.3,52.18 1 1
HealthFit/delivery/controllers/foods/foods.go:63.3,75.17 2 1
HealthFit/delivery/controllers/foods/foods.go:79.3,91.106 12 1
HealthFit/delivery/controllers/foods/foods.go:36.15,38.4 1 1
HealthFit/delivery/controllers/foods/foods.go:43.18,45.4 1 1
HealthFit/delivery/controllers/foods/foods.go:48.18,50.4 1 1
HealthFit/delivery/controllers/foods/foods.go:52.18,55.19 3 0
HealthFit/delivery/controllers/foods/foods.go:58.4,58.25 1 0
HealthFit/delivery/controllers/foods/foods.go:55.19,57.5 1 0
HealthFit/delivery/controllers/foods/foods.go:59.9,59.25 1 1
HealthFit/delivery/controllers/foods/foods.go:59.25,61.4 1 1
HealthFit/delivery/controllers/foods/foods.go:75.17,77.4 1 1
HealthFit/delivery/controllers/foods/foods.go:96.55,97.36 1 1
HealthFit/delivery/controllers/foods/foods.go:97.36,102.17 3 1
HealthFit/delivery/controllers/foods/foods.go:105.3,105.25 1 1
HealthFit/delivery/controllers/foods/foods.go:110.3,122.114 12 1
HealthFit/delivery/controllers/foods/foods.go:102.17,104.4 1 1
HealthFit/delivery/controllers/foods/foods.go:105.25,108.4 1 1
HealthFit/delivery/controllers/foods/foods.go:127.54,128.36 1 1
HealthFit/delivery/controllers/foods/foods.go:128.36,134.17 4 1
HealthFit/delivery/controllers/foods/foods.go:138.3,139.33 2 1
HealthFit/delivery/controllers/foods/foods.go:157.3,157.93 1 1
HealthFit/delivery/controllers/foods/foods.go:134.17,136.4 1 1
HealthFit/delivery/controllers/foods/foods.go:139.33,155.4 12 1
HealthFit/delivery/controllers/foods/foods.go:161.54,162.36 1 1
HealthFit/delivery/controllers/foods/foods.go:162.36,165.15 2 1
HealthFit/delivery/controllers/foods/foods.go:169.3,174.18 5 1
HealthFit/delivery/controllers/foods/foods.go:178.3,179.20 2 1
HealthFit/delivery/controllers/foods/foods.go:183.3,184.18 2 1
HealthFit/delivery/controllers/foods/foods.go:212.3,224.17 2 1
HealthFit/delivery/controllers/foods/foods.go:228.3,240.106 12 1
HealthFit/delivery/controllers/foods/foods.go:165.15,167.4 1 1
HealthFit/delivery/controllers/foods/foods.go:174.18,176.4 1 1
HealthFit/delivery/controllers/foods/foods.go:179.20,181.4 1 1
HealthFit/delivery/controllers/foods/foods.go:184.18,186.4 1 1
HealthFit/delivery/controllers/foods/foods.go:186.9,186.25 1 0
HealthFit/delivery/controllers/foods/foods.go:186.25,189.28 3 0
HealthFit/delivery/controllers/foods/foods.go:189.28,192.21 2 0
HealthFit/delivery/controllers/foods/foods.go:195.5,195.30 1 0
HealthFit/delivery/controllers/foods/foods.go:192.21,194.6 1 0
HealthFit/delivery/controllers/foods/foods.go:197.10,197.35 1 0
HealthFit/delivery/controllers/foods/foods.go:197.35,203.43 4 0
HealthFit/delivery/controllers/foods/foods.go:203.43,205.6 1 0
HealthFit/delivery/controllers/foods/foods.go:207.10,207.26 1 0
HealthFit/delivery/controllers/foods/foods.go:207.26,209.5 1 0
HealthFit/delivery/controllers/foods/foods.go:224.17,226.4 1 1
HealthFit/delivery/controllers/foods/foods.go:244.54,245.36 1 1
HealthFit/delivery/controllers/foods/foods.go:245.36,247.15 2 1
HealthFit/delivery/controllers/foods/foods.go:251.3,254.17 3 1
HealthFit/delivery/controllers/foods/foods.go:258.3,258.91 1 1
HealthFit/delivery/controllers/foods/foods.go:247.15,249.4 1 1
HealthFit/delivery/controllers/foods/foods.go:254.17,256.4 1 1
HealthFit/delivery/controllers/foods/foods.go:262.54,263.36 1 1
HealthFit/delivery/controllers/foods/foods.go:263.36,268.17 3 1
HealthFit/delivery/controllers/foods/foods.go:272.3,273.30 2 1
HealthFit/delivery/controllers/foods/foods.go:288.3,288.97 1 1
HealthFit/delivery/controllers/foods/foods.go:268.17,270.4 1 1
HealthFit/delivery/controllers/foods/foods.go:273.30,286.4 1 1
HealthFit/delivery/controllers/foods/foods.go:292.64,293.36 1 0
HealthFit/delivery/controllers/foods/foods.go:293.36,295.15 2 0
HealthFit/delivery/controllers/foods/foods.go:299.3,304.17 5 0
HealthFit/delivery/controllers/foods/foods.go:307.3,307.44 1 0
HealthFit/delivery/controllers/foods/foods.go:344.3,344.95 1 0
HealthFit/delivery/controllers/foods/foods.go:295.15,297.4 1 0
HealthFit/delivery/controllers/foods/foods.go:304.17,306.4 1 0
HealthFit/delivery/controllers/foods/foods.go:307.44,333.41 12 0
HealthFit/delivery/controllers/foods/foods.go:333.41,335.5 1 0
