mode: set
HealthFit/delivery/controllers/user/user.go:22.69,27.2 1 1
HealthFit/delivery/controllers/user/user.go:29.55,30.36 1 1
HealthFit/delivery/controllers/user/user.go:30.36,36.17 4 1
HealthFit/delivery/controllers/user/user.go:40.3,41.18 2 1
HealthFit/delivery/controllers/user/user.go:45.3,45.18 1 1
HealthFit/delivery/controllers/user/user.go:56.3,64.22 2 1
HealthFit/delivery/controllers/user/user.go:68.3,76.105 8 1
HealthFit/delivery/controllers/user/user.go:36.17,38.4 1 1
HealthFit/delivery/controllers/user/user.go:41.18,43.4 1 1
HealthFit/delivery/controllers/user/user.go:45.18,48.19 3 0
HealthFit/delivery/controllers/user/user.go:51.4,51.21 1 0
HealthFit/delivery/controllers/user/user.go:48.19,50.5 1 0
HealthFit/delivery/controllers/user/user.go:52.9,52.25 1 1
HealthFit/delivery/controllers/user/user.go:52.25,54.4 1 1
HealthFit/delivery/controllers/user/user.go:64.22,66.4 1 1
HealthFit/delivery/controllers/user/user.go:81.54,82.36 1 1
HealthFit/delivery/controllers/user/user.go:82.36,87.17 3 1
HealthFit/delivery/controllers/user/user.go:91.3,91.87 1 1
HealthFit/delivery/controllers/user/user.go:87.17,89.4 1 1
HealthFit/delivery/controllers/user/user.go:95.53,96.36 1 1
HealthFit/delivery/controllers/user/user.go:96.36,102.17 5 1
HealthFit/delivery/controllers/user/user.go:106.3,107.20 2 1
HealthFit/delivery/controllers/user/user.go:111.3,112.18 2 1
HealthFit/delivery/controllers/user/user.go:133.3,141.22 2 1
HealthFit/delivery/controllers/user/user.go:145.3,153.95 8 1
HealthFit/delivery/controllers/user/user.go:102.17,104.4 1 0
HealthFit/delivery/controllers/user/user.go:107.20,109.4 1 1
HealthFit/delivery/controllers/user/user.go:112.18,114.4 1 1
HealthFit/delivery/controllers/user/user.go:114.9,114.25 1 0
HealthFit/delivery/controllers/user/user.go:114.25,116.26 2 0
HealthFit/delivery/controllers/user/user.go:116.26,121.43 4 0
HealthFit/delivery/controllers/user/user.go:121.43,123.6 1 0
HealthFit/delivery/controllers/user/user.go:124.10,124.33 1 0
HealthFit/delivery/controllers/user/user.go:124.33,126.21 2 0
HealthFit/delivery/controllers/user/user.go:129.5,129.26 1 0
HealthFit/delivery/controllers/user/user.go:126.21,128.6 1 0
HealthFit/delivery/controllers/user/user.go:141.22,143.4 1 1
HealthFit/delivery/controllers/user/user.go:157.53,158.36 1 1
HealthFit/delivery/controllers/user/user.go:158.36,162.17 3 1
HealthFit/delivery/controllers/user/user.go:166.3,166.90 1 1
HealthFit/delivery/controllers/user/user.go:162.17,164.4 1 1
