mode: set
HealthFit/repository/foods/foods.go:19.39,23.2 1 1
HealthFit/repository/foods/foods.go:25.74,29.53 3 1
HealthFit/repository/foods/foods.go:33.2,33.15 1 1
HealthFit/repository/foods/foods.go:29.53,31.3 1 1
HealthFit/repository/foods/foods.go:36.75,40.27 3 1
HealthFit/repository/foods/foods.go:43.2,44.18 2 1
HealthFit/repository/foods/foods.go:40.27,42.3 1 1
HealthFit/repository/foods/foods.go:47.83,52.105 3 1
HealthFit/repository/foods/foods.go:59.2,59.40 1 1
HealthFit/repository/foods/foods.go:62.2,62.43 1 1
HealthFit/repository/foods/foods.go:67.2,67.64 1 1
HealthFit/repository/foods/foods.go:71.2,71.19 1 1
HealthFit/repository/foods/foods.go:52.105,53.89 1 1
HealthFit/repository/foods/foods.go:56.3,56.20 1 1
HealthFit/repository/foods/foods.go:53.89,55.4 1 0
HealthFit/repository/foods/foods.go:59.40,61.3 1 0
HealthFit/repository/foods/foods.go:62.43,65.3 2 0
HealthFit/repository/foods/foods.go:67.64,69.3 1 0
HealthFit/repository/foods/foods.go:74.98,79.27 3 1
HealthFit/repository/foods/foods.go:83.2,83.19 1 1
HealthFit/repository/foods/foods.go:79.27,81.3 1 1
HealthFit/repository/foods/foods.go:86.57,89.27 2 1
HealthFit/repository/foods/foods.go:93.2,93.12 1 1
HealthFit/repository/foods/foods.go:89.27,91.3 1 1
HealthFit/repository/foods/foods.go:96.76,99.20 2 1
HealthFit/repository/foods/foods.go:111.2,111.19 1 1
HealthFit/repository/foods/foods.go:99.20,101.21 2 1
HealthFit/repository/foods/foods.go:101.21,103.4 1 1
HealthFit/repository/foods/foods.go:104.8,106.28 2 0
HealthFit/repository/foods/foods.go:106.28,108.4 1 0
HealthFit/repository/foods/foods.go:114.94,118.38 3 1
HealthFit/repository/foods/foods.go:127.2,127.45 1 0
HealthFit/repository/foods/foods.go:118.38,119.26 1 1
HealthFit/repository/foods/foods.go:122.3,122.60 1 1
HealthFit/repository/foods/foods.go:125.3,125.49 1 1
HealthFit/repository/foods/foods.go:119.26,121.4 1 1
HealthFit/repository/foods/foods.go:122.60,124.4 1 0
