mode: set
HealthFit/repository/foods/foods.go:18.39,22.2 1 1
HealthFit/repository/foods/foods.go:24.74,28.53 3 1
HealthFit/repository/foods/foods.go:32.2,32.15 1 1
HealthFit/repository/foods/foods.go:28.53,30.3 1 1
HealthFit/repository/foods/foods.go:34.75,37.133 2 1
HealthFit/repository/foods/foods.go:40.2,40.18 1 1
HealthFit/repository/foods/foods.go:37.133,39.3 1 0
HealthFit/repository/foods/foods.go:43.83,48.105 3 1
HealthFit/repository/foods/foods.go:55.2,55.40 1 1
HealthFit/repository/foods/foods.go:58.2,58.43 1 1
HealthFit/repository/foods/foods.go:63.2,63.64 1 1
HealthFit/repository/foods/foods.go:73.2,73.19 1 1
HealthFit/repository/foods/foods.go:48.105,49.89 1 1
HealthFit/repository/foods/foods.go:52.3,52.20 1 1
HealthFit/repository/foods/foods.go:49.89,51.4 1 0
HealthFit/repository/foods/foods.go:55.40,57.3 1 0
HealthFit/repository/foods/foods.go:58.43,61.3 2 0
HealthFit/repository/foods/foods.go:63.64,65.3 1 0
HealthFit/repository/foods/foods.go:76.98,81.75 3 1
HealthFit/repository/foods/foods.go:85.2,85.19 1 1
HealthFit/repository/foods/foods.go:81.75,83.3 1 1
HealthFit/repository/foods/foods.go:88.57,90.99 1 1
HealthFit/repository/foods/foods.go:94.2,94.12 1 1
HealthFit/repository/foods/foods.go:90.99,92.3 1 0
HealthFit/repository/foods/foods.go:97.76,100.20 2 1
HealthFit/repository/foods/foods.go:112.2,112.19 1 1
HealthFit/repository/foods/foods.go:100.20,102.21 2 1
HealthFit/repository/foods/foods.go:102.21,104.4 1 1
HealthFit/repository/foods/foods.go:105.8,107.21 2 0
HealthFit/repository/foods/foods.go:107.21,109.4 1 0
HealthFit/repository/foods/foods.go:115.94,118.28 3 0
HealthFit/repository/foods/foods.go:122.2,122.25 1 0
HealthFit/repository/foods/foods.go:126.2,126.59 1 0
HealthFit/repository/foods/foods.go:130.2,130.29 1 0
HealthFit/repository/foods/foods.go:118.28,120.3 1 0
HealthFit/repository/foods/foods.go:122.25,124.3 1 0
HealthFit/repository/foods/foods.go:126.59,128.3 1 0
