mode: set
HealthFit/delivery/controllers/auth/auth.go:16.42,20.2 1 1
HealthFit/delivery/controllers/auth/auth.go:22.52,23.36 1 1
HealthFit/delivery/controllers/auth/auth.go:23.36,29.26 4 1
HealthFit/delivery/controllers/auth/auth.go:33.3,35.22 2 1
HealthFit/delivery/controllers/auth/auth.go:44.3,55.17 3 1
HealthFit/delivery/controllers/auth/auth.go:59.3,59.122 1 1
HealthFit/delivery/controllers/auth/auth.go:29.26,31.4 1 1
HealthFit/delivery/controllers/auth/auth.go:35.22,37.45 2 1
HealthFit/delivery/controllers/auth/auth.go:42.4,42.92 1 1
HealthFit/delivery/controllers/auth/auth.go:37.45,39.5 1 1
HealthFit/delivery/controllers/auth/auth.go:39.10,39.55 1 1
HealthFit/delivery/controllers/auth/auth.go:39.55,41.5 1 1
HealthFit/delivery/controllers/auth/auth.go:55.17,57.4 1 1
HealthFit/delivery/controllers/auth/auth.go:64.57,65.36 1 1
HealthFit/delivery/controllers/auth/auth.go:65.36,71.26 4 1
HealthFit/delivery/controllers/auth/auth.go:75.3,77.22 2 1
HealthFit/delivery/controllers/auth/auth.go:86.3,95.17 3 1
HealthFit/delivery/controllers/auth/auth.go:99.3,99.122 1 1
HealthFit/delivery/controllers/auth/auth.go:71.26,73.4 1 1
HealthFit/delivery/controllers/auth/auth.go:77.22,79.45 2 1
HealthFit/delivery/controllers/auth/auth.go:84.4,84.92 1 1
HealthFit/delivery/controllers/auth/auth.go:79.45,81.5 1 1
HealthFit/delivery/controllers/auth/auth.go:81.10,81.55 1 1
HealthFit/delivery/controllers/auth/auth.go:81.55,83.5 1 1
HealthFit/delivery/controllers/auth/auth.go:95.17,97.4 1 1
