mode: set
HealthFit/delivery/controllers/menu/menu.go:17.48,21.2 1 1
HealthFit/delivery/controllers/menu/menu.go:23.53,24.36 1 1
HealthFit/delivery/controllers/menu/menu.go:24.36,32.14 6 1
HealthFit/delivery/controllers/menu/menu.go:66.3,71.42 5 1
HealthFit/delivery/controllers/menu/menu.go:74.3,76.105 2 1
HealthFit/delivery/controllers/menu/menu.go:32.14,36.19 4 1
HealthFit/delivery/controllers/menu/menu.go:40.4,43.18 2 1
HealthFit/delivery/controllers/menu/menu.go:46.4,46.17 1 1
HealthFit/delivery/controllers/menu/menu.go:36.19,38.5 1 1
HealthFit/delivery/controllers/menu/menu.go:43.18,45.5 1 1
HealthFit/delivery/controllers/menu/menu.go:48.9,48.22 1 1
HealthFit/delivery/controllers/menu/menu.go:48.22,52.19 4 1
HealthFit/delivery/controllers/menu/menu.go:56.4,60.18 2 1
HealthFit/delivery/controllers/menu/menu.go:63.4,63.17 1 1
HealthFit/delivery/controllers/menu/menu.go:52.19,54.5 1 1
HealthFit/delivery/controllers/menu/menu.go:60.18,62.5 1 1
HealthFit/delivery/controllers/menu/menu.go:71.42,73.4 1 1
HealthFit/delivery/controllers/menu/menu.go:81.53,82.36 1 1
HealthFit/delivery/controllers/menu/menu.go:82.36,88.17 4 1
HealthFit/delivery/controllers/menu/menu.go:92.3,93.30 2 1
HealthFit/delivery/controllers/menu/menu.go:109.3,109.97 1 1
HealthFit/delivery/controllers/menu/menu.go:88.17,90.4 1 1
HealthFit/delivery/controllers/menu/menu.go:93.30,96.50 2 1
HealthFit/delivery/controllers/menu/menu.go:100.4,106.6 1 1
HealthFit/delivery/controllers/menu/menu.go:96.50,99.5 1 1
HealthFit/delivery/controllers/menu/menu.go:113.68,114.36 1 1
HealthFit/delivery/controllers/menu/menu.go:114.36,117.14 2 1
HealthFit/delivery/controllers/menu/menu.go:120.3,124.17 3 1
HealthFit/delivery/controllers/menu/menu.go:134.3,135.30 2 1
HealthFit/delivery/controllers/menu/menu.go:150.3,150.120 1 1
HealthFit/delivery/controllers/menu/menu.go:117.14,119.4 1 1
HealthFit/delivery/controllers/menu/menu.go:124.17,127.35 3 1
HealthFit/delivery/controllers/menu/menu.go:131.4,131.82 1 1
HealthFit/delivery/controllers/menu/menu.go:127.35,130.5 2 1
HealthFit/delivery/controllers/menu/menu.go:135.30,137.50 2 1
HealthFit/delivery/controllers/menu/menu.go:140.4,147.6 1 1
HealthFit/delivery/controllers/menu/menu.go:137.50,139.5 1 1
HealthFit/delivery/controllers/menu/menu.go:153.64,154.36 1 1
HealthFit/delivery/controllers/menu/menu.go:154.36,157.14 2 1
HealthFit/delivery/controllers/menu/menu.go:160.3,164.17 3 1
HealthFit/delivery/controllers/menu/menu.go:174.3,175.30 2 1
HealthFit/delivery/controllers/menu/menu.go:190.3,190.120 1 1
HealthFit/delivery/controllers/menu/menu.go:157.14,159.4 1 1
HealthFit/delivery/controllers/menu/menu.go:164.17,167.35 3 1
HealthFit/delivery/controllers/menu/menu.go:171.4,171.82 1 1
HealthFit/delivery/controllers/menu/menu.go:167.35,170.5 2 1
HealthFit/delivery/controllers/menu/menu.go:175.30,177.50 2 1
HealthFit/delivery/controllers/menu/menu.go:180.4,187.6 1 1
HealthFit/delivery/controllers/menu/menu.go:177.50,179.5 1 1
HealthFit/delivery/controllers/menu/menu.go:193.65,194.36 1 1
HealthFit/delivery/controllers/menu/menu.go:194.36,197.14 2 1
HealthFit/delivery/controllers/menu/menu.go:200.3,204.17 3 1
HealthFit/delivery/controllers/menu/menu.go:214.3,215.30 2 1
HealthFit/delivery/controllers/menu/menu.go:230.3,230.120 1 1
HealthFit/delivery/controllers/menu/menu.go:197.14,199.4 1 1
HealthFit/delivery/controllers/menu/menu.go:204.17,207.35 3 1
HealthFit/delivery/controllers/menu/menu.go:211.4,211.82 1 1
HealthFit/delivery/controllers/menu/menu.go:207.35,210.5 2 1
HealthFit/delivery/controllers/menu/menu.go:215.30,217.50 2 1
HealthFit/delivery/controllers/menu/menu.go:220.4,227.6 1 1
HealthFit/delivery/controllers/menu/menu.go:217.50,219.5 1 1
HealthFit/delivery/controllers/menu/menu.go:233.67,234.36 1 1
HealthFit/delivery/controllers/menu/menu.go:234.36,237.14 2 1
HealthFit/delivery/controllers/menu/menu.go:240.3,244.17 3 1
HealthFit/delivery/controllers/menu/menu.go:254.3,255.30 2 1
HealthFit/delivery/controllers/menu/menu.go:270.3,270.120 1 1
HealthFit/delivery/controllers/menu/menu.go:237.14,239.4 1 1
HealthFit/delivery/controllers/menu/menu.go:244.17,247.35 3 1
HealthFit/delivery/controllers/menu/menu.go:251.4,251.82 1 1
HealthFit/delivery/controllers/menu/menu.go:247.35,250.5 2 1
HealthFit/delivery/controllers/menu/menu.go:255.30,257.50 2 1
HealthFit/delivery/controllers/menu/menu.go:260.4,267.6 1 1
HealthFit/delivery/controllers/menu/menu.go:257.50,259.5 1 1
HealthFit/delivery/controllers/menu/menu.go:274.53,275.36 1 1
HealthFit/delivery/controllers/menu/menu.go:275.36,278.15 2 1
HealthFit/delivery/controllers/menu/menu.go:281.3,288.18 6 1
HealthFit/delivery/controllers/menu/menu.go:292.3,297.17 2 1
HealthFit/delivery/controllers/menu/menu.go:301.3,309.42 7 1
HealthFit/delivery/controllers/menu/menu.go:313.3,315.95 2 1
HealthFit/delivery/controllers/menu/menu.go:278.15,280.4 1 1
HealthFit/delivery/controllers/menu/menu.go:288.18,290.4 1 1
HealthFit/delivery/controllers/menu/menu.go:297.17,299.4 1 1
HealthFit/delivery/controllers/menu/menu.go:309.42,312.4 1 1
HealthFit/delivery/controllers/menu/menu.go:320.53,321.36 1 1
HealthFit/delivery/controllers/menu/menu.go:321.36,324.15 2 1
HealthFit/delivery/controllers/menu/menu.go:328.3,331.17 3 1
HealthFit/delivery/controllers/menu/menu.go:335.3,335.90 1 1
HealthFit/delivery/controllers/menu/menu.go:324.15,326.4 1 1
HealthFit/delivery/controllers/menu/menu.go:331.17,333.4 1 1
