mode: set
HealthFit/delivery/controllers/goal/goal.go:19.48,23.2 1 1
HealthFit/delivery/controllers/goal/goal.go:25.53,26.36 1 1
HealthFit/delivery/controllers/goal/goal.go:26.36,29.14 3 1
HealthFit/delivery/controllers/goal/goal.go:32.3,37.17 4 1
HealthFit/delivery/controllers/goal/goal.go:41.3,53.21 2 1
HealthFit/delivery/controllers/goal/goal.go:61.3,61.100 1 1
HealthFit/delivery/controllers/goal/goal.go:29.14,31.4 1 1
HealthFit/delivery/controllers/goal/goal.go:37.17,39.4 1 1
HealthFit/delivery/controllers/goal/goal.go:53.21,54.39 1 1
HealthFit/delivery/controllers/goal/goal.go:58.4,58.138 1 1
HealthFit/delivery/controllers/goal/goal.go:54.39,57.5 2 1
HealthFit/delivery/controllers/goal/goal.go:66.53,67.36 1 1
HealthFit/delivery/controllers/goal/goal.go:67.36,71.14 2 1
HealthFit/delivery/controllers/goal/goal.go:76.3,79.17 3 1
HealthFit/delivery/controllers/goal/goal.go:83.3,84.30 2 1
HealthFit/delivery/controllers/goal/goal.go:111.3,111.96 1 1
HealthFit/delivery/controllers/goal/goal.go:71.14,74.4 1 1
HealthFit/delivery/controllers/goal/goal.go:79.17,81.4 1 1
HealthFit/delivery/controllers/goal/goal.go:84.30,90.17 6 1
HealthFit/delivery/controllers/goal/goal.go:96.4,108.6 1 1
HealthFit/delivery/controllers/goal/goal.go:90.17,92.5 1 1
HealthFit/delivery/controllers/goal/goal.go:92.10,94.5 1 1
HealthFit/delivery/controllers/goal/goal.go:115.54,116.36 1 1
HealthFit/delivery/controllers/goal/goal.go:116.36,120.14 2 1
HealthFit/delivery/controllers/goal/goal.go:124.3,144.16 18 1
HealthFit/delivery/controllers/goal/goal.go:150.3,150.17 1 1
HealthFit/delivery/controllers/goal/goal.go:160.3,160.92 1 1
HealthFit/delivery/controllers/goal/goal.go:120.14,123.4 1 1
HealthFit/delivery/controllers/goal/goal.go:144.16,146.4 1 1
HealthFit/delivery/controllers/goal/goal.go:146.9,148.4 1 1
HealthFit/delivery/controllers/goal/goal.go:150.17,153.34 3 1
HealthFit/delivery/controllers/goal/goal.go:157.4,157.83 1 1
HealthFit/delivery/controllers/goal/goal.go:153.34,156.5 2 1
HealthFit/delivery/controllers/goal/goal.go:164.53,165.36 1 1
HealthFit/delivery/controllers/goal/goal.go:165.36,169.14 2 1
HealthFit/delivery/controllers/goal/goal.go:174.3,180.17 6 1
HealthFit/delivery/controllers/goal/goal.go:184.3,195.17 2 1
HealthFit/delivery/controllers/goal/goal.go:199.3,199.90 1 1
HealthFit/delivery/controllers/goal/goal.go:169.14,172.4 1 1
HealthFit/delivery/controllers/goal/goal.go:180.17,182.4 1 1
HealthFit/delivery/controllers/goal/goal.go:195.17,197.4 1 1
HealthFit/delivery/controllers/goal/goal.go:203.53,204.36 1 1
HealthFit/delivery/controllers/goal/goal.go:204.36,207.14 2 1
HealthFit/delivery/controllers/goal/goal.go:211.3,217.17 4 1
HealthFit/delivery/controllers/goal/goal.go:221.3,221.90 1 1
HealthFit/delivery/controllers/goal/goal.go:207.14,210.4 1 1
HealthFit/delivery/controllers/goal/goal.go:217.17,219.4 1 1
HealthFit/delivery/controllers/goal/goal.go:225.57,226.36 1 1
HealthFit/delivery/controllers/goal/goal.go:226.36,231.14 3 1
HealthFit/delivery/controllers/goal/goal.go:235.3,237.17 2 1
HealthFit/delivery/controllers/goal/goal.go:241.3,241.90 1 1
HealthFit/delivery/controllers/goal/goal.go:231.14,233.4 1 1
HealthFit/delivery/controllers/goal/goal.go:237.17,239.4 1 1
